 PATH path165 FOUND 
SVG scale factor = 1.000000
SVG offset = 0.000000,0.000000
POLYGON  0)
	raw = 0.00,40.00	coord = 0.00,40.00
	raw = 0.00,40.30	coord = 0.00,80.30
	raw = 0.00,50.00	coord = 0.00,130.30
	raw = 0.00,107.20	coord = 0.00,237.50
	raw = 0.00,57.50	coord = 0.00,295.00
	raw = 0.00,92.80	coord = 0.00,387.80
	raw = 0.00,58.20	coord = 0.00,446.00
	raw = 0.00,68.40	coord = 0.00,514.40
	raw = 0.00,60.80	coord = 0.00,575.20
	raw = 0.00,66.90	coord = 0.00,642.10
	raw = 0.00,78.20	coord = 0.00,720.30
End polygon at 0.00,40.30


Object origin:
0.000000 340.150000

Eagle Command:
set wire_bend 2;
change layer bPlace;
set width 0.000500;
poly (R 0.000000 3.401500) (R 0.000000 2.998500) (R 0.000000 2.498500) (R 0.000000 1.426500) (R 0.000000 0.851500) (R 0.000000 -0.076500) (R 0.000000 -0.658500) (R 0.000000 -1.342500) (R 0.000000 -1.950500) (R 0.000000 -2.619500) (R 0.000000 -3.401500) (R 0.000000 3.398500);

